<?xml version="1.0" encoding="UTF-8"?>
<!-- Generated by org.testng.reporters.JUnitXMLReporter -->
<testsuite ignored="0" hostname="DESKTOP-IV7E0VE" failures="0" tests="4" name="Default test" time="69.331" errors="0" timestamp="11 янв. 2025 19:30:59 GMT">
  <testcase classname="internetPage" name="AutorizationsALL" time="9.481"/>
  <testcase classname="internetPage" name="clickAllObjects" time="32.228"/>
  <testcase classname="internetPage" name="countObjects" time="2.57"/>
  <testcase classname="internetPage" name="eachObjectOpen" time="14.076"/>
</testsuite> <!-- Default test -->
