<?xml version="1.0" encoding="UTF-8"?>
<testng-results ignored="0" total="2" passed="2" failed="0" skipped="0">
  <reporter-output>
  </reporter-output>
  <suite started-at="2025-01-17T21:02:08Z" name="Default suite" finished-at="2025-01-17T21:02:30Z" duration-ms="21518">
    <groups>
    </groups>
    <test started-at="2025-01-17T21:02:08Z" name="Default test" finished-at="2025-01-17T21:02:30Z" duration-ms="21518">
      <class name="testNGwithSteobyStep">
        <test-method is-config="true" signature="setUP()[pri:0, instance:testNGwithSteobyStep@194fad1]" started-at="2025-01-17T18:02:08Z" name="setUP" finished-at="2025-01-17T18:02:11Z" duration-ms="2762" status="PASS">
          <reporter-output>
          </reporter-output>
        </test-method> <!-- setUP -->
        <test-method signature="clickAndChangePage()[pri:0, instance:testNGwithSteobyStep@194fad1]" started-at="2025-01-17T18:02:11Z" name="clickAndChangePage" finished-at="2025-01-17T18:02:22Z" duration-ms="11051" status="PASS">
          <reporter-output>
          </reporter-output>
        </test-method> <!-- clickAndChangePage -->
        <test-method is-config="true" signature="tearDownTest()[pri:0, instance:testNGwithSteobyStep@194fad1]" started-at="2025-01-17T18:02:22Z" name="tearDownTest" finished-at="2025-01-17T18:02:22Z" duration-ms="384" status="PASS">
          <reporter-output>
          </reporter-output>
        </test-method> <!-- tearDownTest -->
        <test-method is-config="true" signature="setUP()[pri:0, instance:testNGwithSteobyStep@194fad1]" started-at="2025-01-17T18:02:22Z" name="setUP" finished-at="2025-01-17T18:02:24Z" duration-ms="1934" status="PASS">
          <reporter-output>
          </reporter-output>
        </test-method> <!-- setUP -->
        <test-method signature="countPosters()[pri:0, instance:testNGwithSteobyStep@194fad1]" started-at="2025-01-17T18:02:24Z" name="countPosters" finished-at="2025-01-17T18:02:29Z" duration-ms="5090" status="PASS">
          <reporter-output>
          </reporter-output>
        </test-method> <!-- countPosters -->
        <test-method is-config="true" signature="tearDownTest()[pri:0, instance:testNGwithSteobyStep@194fad1]" started-at="2025-01-17T18:02:29Z" name="tearDownTest" finished-at="2025-01-17T18:02:30Z" duration-ms="259" status="PASS">
          <reporter-output>
          </reporter-output>
        </test-method> <!-- tearDownTest -->
      </class> <!-- testNGwithSteobyStep -->
    </test> <!-- Default test -->
  </suite> <!-- Default suite -->
</testng-results>
