<?xml version="1.0" encoding="UTF-8"?>
<testng-results ignored="0" total="1" passed="1" failed="0" skipped="0">
  <reporter-output>
  </reporter-output>
  <suite started-at="2025-01-17T19:59:35Z" name="Default suite" finished-at="2025-01-17T20:00:15Z" duration-ms="39571">
    <groups>
    </groups>
    <test started-at="2025-01-17T19:59:35Z" name="Default test" finished-at="2025-01-17T20:00:15Z" duration-ms="39571">
      <class name="click_All_Internet_without_Try_Catch">
        <test-method is-config="true" signature="setUP()[pri:0, instance:click_All_Internet_without_Try_Catch@f1da57d]" started-at="2025-01-17T16:59:35Z" name="setUP" finished-at="2025-01-17T16:59:39Z" duration-ms="3312" status="PASS">
          <reporter-output>
          </reporter-output>
        </test-method> <!-- setUP -->
        <test-method signature="ckickALLaObjects()[pri:0, instance:click_All_Internet_without_Try_Catch@f1da57d]" started-at="2025-01-17T16:59:39Z" name="ckickALLaObjects" finished-at="2025-01-17T17:00:14Z" duration-ms="35832" status="PASS">
          <reporter-output>
          </reporter-output>
        </test-method> <!-- ckickALLaObjects -->
        <test-method is-config="true" signature="thearDown()[pri:0, instance:click_All_Internet_without_Try_Catch@f1da57d]" started-at="2025-01-17T17:00:14Z" name="thearDown" finished-at="2025-01-17T17:00:15Z" duration-ms="362" status="PASS">
          <reporter-output>
          </reporter-output>
        </test-method> <!-- thearDown -->
      </class> <!-- click_All_Internet_without_Try_Catch -->
    </test> <!-- Default test -->
  </suite> <!-- Default suite -->
</testng-results>
